  [1m[35m (0.2ms)[0m  [1m[34mSELECT sqlite_version(*)[0m
  ↳ bin/rails:9
  [1m[35m (122.0ms)[0m  [1m[35mCREATE TABLE "schema_migrations" ("version" varchar NOT NULL PRIMARY KEY)[0m
  ↳ bin/rails:9
  [1m[35m (121.2ms)[0m  [1m[35mCREATE TABLE "ar_internal_metadata" ("key" varchar NOT NULL PRIMARY KEY, "value" varchar, "created_at" datetime NOT NULL, "updated_at" datetime NOT NULL)[0m
  ↳ bin/rails:9
  [1m[35m (0.2ms)[0m  [1m[34mSELECT "schema_migrations"."version" FROM "schema_migrations" ORDER BY "schema_migrations"."version" ASC[0m
  ↳ bin/rails:9
Migrating to CreateUsers (20180730135747)
  [1m[35m (0.1ms)[0m  [1m[36mbegin transaction[0m
  ↳ bin/rails:9
  [1m[35m (0.4ms)[0m  [1m[35mCREATE TABLE "users" ("id" integer PRIMARY KEY AUTOINCREMENT NOT NULL, "username" varchar, "bio" text, "created_at" datetime NOT NULL, "updated_at" datetime NOT NULL)[0m
  ↳ db/migrate/20180730135747_create_users.rb:3
  [1m[36mActiveRecord::SchemaMigration Create (0.2ms)[0m  [1m[32mINSERT INTO "schema_migrations" ("version") VALUES (?)[0m  [["version", "20180730135747"]]
  ↳ bin/rails:9
  [1m[35m (130.4ms)[0m  [1m[36mcommit transaction[0m
  ↳ bin/rails:9
  [1m[36mActiveRecord::InternalMetadata Load (0.4ms)[0m  [1m[34mSELECT  "ar_internal_metadata".* FROM "ar_internal_metadata" WHERE "ar_internal_metadata"."key" = ? LIMIT ?[0m  [["key", "environment"], ["LIMIT", 1]]
  ↳ bin/rails:9
  [1m[35m (0.2ms)[0m  [1m[36mbegin transaction[0m
  ↳ bin/rails:9
  [1m[36mActiveRecord::InternalMetadata Create (0.6ms)[0m  [1m[32mINSERT INTO "ar_internal_metadata" ("key", "value", "created_at", "updated_at") VALUES (?, ?, ?, ?)[0m  [["key", "environment"], ["value", "development"], ["created_at", "2018-07-30 23:55:19.885941"], ["updated_at", "2018-07-30 23:55:19.885941"]]
  ↳ bin/rails:9
  [1m[35m (89.5ms)[0m  [1m[36mcommit transaction[0m
  ↳ bin/rails:9
  [1m[35m (0.2ms)[0m  [1m[34mSELECT "schema_migrations"."version" FROM "schema_migrations" ORDER BY "schema_migrations"."version" ASC[0m
  ↳ bin/rails:9
  [1m[35m (0.4ms)[0m  [1m[34mSELECT "schema_migrations"."version" FROM "schema_migrations" ORDER BY "schema_migrations"."version" ASC[0m
  ↳ bin/rails:9
Started GET "/" for 127.0.0.1 at 2018-07-31 02:00:38 +0200
  [1m[35m (0.3ms)[0m  [1m[34mSELECT "schema_migrations"."version" FROM "schema_migrations" ORDER BY "schema_migrations"."version" ASC[0m
  ↳ .bundle/gems/activerecord-5.2.0/lib/active_record/log_subscriber.rb:98
Processing by StaticPagesController#home as HTML
  Rendering static_pages/home.html.erb within layouts/application
  [1m[36mUser Load (0.2ms)[0m  [1m[34mSELECT  "users".* FROM "users" ORDER BY "users"."id" DESC LIMIT ?[0m  [["LIMIT", 1]]
  ↳ app/views/static_pages/home.html.erb:7
  Rendered static_pages/home.html.erb within layouts/application (6.2ms)
Completed 200 OK in 785ms (Views: 776.1ms | ActiveRecord: 1.1ms)


Started GET "/new" for 127.0.0.1 at 2018-07-31 02:00:46 +0200
Processing by UsersController#new as HTML
  Rendering users/new.html.erb within layouts/application
  Rendered users/new.html.erb within layouts/application (0.7ms)
Completed 200 OK in 26ms (Views: 24.3ms | ActiveRecord: 0.0ms)


Started POST "/new" for 127.0.0.1 at 2018-07-31 02:00:57 +0200
Processing by UsersController#new_post as HTML
  Parameters: {"authenticity_token"=>"CepoCQErRgjS5HUdmUBeHIjoDWAR9E+URAVhM531+3nqyCtXA+j0gqhFTR/+nDJecnClOTkYkCdJJXum8Q1+KA==", "username"=>"floriancorbice", "bio"=>"un mec cool\r\n", "envoyer"=>"Submit Query"}
  [1m[35m (0.2ms)[0m  [1m[36mbegin transaction[0m
  ↳ app/controllers/users_controller.rb:10
  [1m[36mUser Exists (0.4ms)[0m  [1m[34mSELECT  1 AS one FROM "users" WHERE "users"."username" = ? LIMIT ?[0m  [["username", "floriancorbice"], ["LIMIT", 1]]
  ↳ app/controllers/users_controller.rb:10
  [1m[36mUser Create (3.2ms)[0m  [1m[32mINSERT INTO "users" ("username", "bio", "created_at", "updated_at") VALUES (?, ?, ?, ?)[0m  [["username", "floriancorbice"], ["bio", "un mec cool\r\n"], ["created_at", "2018-07-31 00:00:57.934830"], ["updated_at", "2018-07-31 00:00:57.934830"]]
  ↳ app/controllers/users_controller.rb:10
  [1m[35m (317.0ms)[0m  [1m[36mcommit transaction[0m
  ↳ app/controllers/users_controller.rb:10
  [1m[36mUser Load (0.2ms)[0m  [1m[34mSELECT  "users".* FROM "users" ORDER BY "users"."id" DESC LIMIT ?[0m  [["LIMIT", 1]]
  ↳ app/controllers/users_controller.rb:14
Redirected to http://localhost:3000/users/floriancorbice
Completed 302 Found in 339ms (ActiveRecord: 321.0ms)


Started GET "/users/floriancorbice" for 127.0.0.1 at 2018-07-31 02:00:58 +0200
Processing by UsersController#show as HTML
  Parameters: {"username"=>"floriancorbice"}
  [1m[36mUser Load (0.4ms)[0m  [1m[34mSELECT  "users".* FROM "users" WHERE "users"."username" = ? LIMIT ?[0m  [["username", "floriancorbice"], ["LIMIT", 1]]
  ↳ app/controllers/users_controller.rb:22
  [1m[36mCACHE User Load (0.0ms)[0m  [1m[34mSELECT  "users".* FROM "users" WHERE "users"."username" = ? LIMIT ?[0m  [["username", "floriancorbice"], ["LIMIT", 1]]
  ↳ app/controllers/users_controller.rb:23
  Rendering users/show.html.erb within layouts/application
  Rendered users/show.html.erb within layouts/application (0.6ms)
Completed 200 OK in 26ms (Views: 20.0ms | ActiveRecord: 0.4ms)


Started GET "/new" for 127.0.0.1 at 2018-07-31 02:01:04 +0200
Processing by UsersController#new as HTML
  Rendering users/new.html.erb within layouts/application
  Rendered users/new.html.erb within layouts/application (0.6ms)
Completed 200 OK in 36ms (Views: 34.3ms | ActiveRecord: 0.0ms)


Started GET "/" for 127.0.0.1 at 2018-07-31 02:01:06 +0200
Processing by StaticPagesController#home as HTML
  Rendering static_pages/home.html.erb within layouts/application
  [1m[36mUser Load (0.3ms)[0m  [1m[34mSELECT  "users".* FROM "users" ORDER BY "users"."id" DESC LIMIT ?[0m  [["LIMIT", 1]]
  ↳ app/views/static_pages/home.html.erb:7
  [1m[36mCACHE User Load (0.0ms)[0m  [1m[34mSELECT  "users".* FROM "users" ORDER BY "users"."id" DESC LIMIT ?[0m  [["LIMIT", 1]]
  ↳ app/views/static_pages/home.html.erb:8
  Rendered static_pages/home.html.erb within layouts/application (2.5ms)
Completed 200 OK in 27ms (Views: 25.1ms | ActiveRecord: 0.3ms)


Started GET "/about" for 127.0.0.1 at 2018-07-31 02:01:07 +0200
Processing by StaticPagesController#about as HTML
  Rendering static_pages/about.html.erb within layouts/application
  Rendered static_pages/about.html.erb within layouts/application (0.7ms)
Completed 200 OK in 35ms (Views: 33.6ms | ActiveRecord: 0.0ms)


Started GET "/about/ani" for 127.0.0.1 at 2018-07-31 02:01:10 +0200
Processing by StaticPagesController#ani as HTML
  Rendering static_pages/ani.html.erb within layouts/application
  Rendered static_pages/ani.html.erb within layouts/application (0.5ms)
Completed 200 OK in 24ms (Views: 22.9ms | ActiveRecord: 0.0ms)


Started GET "/about/JR" for 127.0.0.1 at 2018-07-31 02:01:13 +0200
Processing by StaticPagesController#JR as HTML
  Rendering static_pages/JR.html.erb within layouts/application
  Rendered static_pages/JR.html.erb within layouts/application (0.6ms)
Completed 200 OK in 23ms (Views: 22.0ms | ActiveRecord: 0.0ms)


Started GET "/about/JR" for 127.0.0.1 at 2018-07-31 02:01:23 +0200
Processing by StaticPagesController#JR as HTML
  Rendering static_pages/JR.html.erb within layouts/application
  Rendered static_pages/JR.html.erb within layouts/application (0.6ms)
Completed 200 OK in 61ms (Views: 60.1ms | ActiveRecord: 0.0ms)


Started GET "/about/titouan" for 127.0.0.1 at 2018-07-31 02:01:26 +0200
Processing by StaticPagesController#titouan as HTML
  Rendering static_pages/titouan.html.erb within layouts/application
  Rendered static_pages/titouan.html.erb within layouts/application (0.6ms)
Completed 200 OK in 33ms (Views: 32.1ms | ActiveRecord: 0.0ms)


Started GET "/about/florian" for 127.0.0.1 at 2018-07-31 02:01:31 +0200
  
ActionController::RoutingError (No route matches [GET] "/about/florian"):
  
.bundle/gems/actionpack-5.2.0/lib/action_dispatch/middleware/debug_exceptions.rb:65:in `call'
.bundle/gems/web-console-3.6.2/lib/web_console/middleware.rb:135:in `call_app'
.bundle/gems/web-console-3.6.2/lib/web_console/middleware.rb:30:in `block in call'
.bundle/gems/web-console-3.6.2/lib/web_console/middleware.rb:20:in `catch'
.bundle/gems/web-console-3.6.2/lib/web_console/middleware.rb:20:in `call'
.bundle/gems/actionpack-5.2.0/lib/action_dispatch/middleware/show_exceptions.rb:33:in `call'
.bundle/gems/railties-5.2.0/lib/rails/rack/logger.rb:38:in `call_app'
.bundle/gems/railties-5.2.0/lib/rails/rack/logger.rb:26:in `block in call'
.bundle/gems/activesupport-5.2.0/lib/active_support/tagged_logging.rb:71:in `block in tagged'
.bundle/gems/activesupport-5.2.0/lib/active_support/tagged_logging.rb:28:in `tagged'
.bundle/gems/activesupport-5.2.0/lib/active_support/tagged_logging.rb:71:in `tagged'
.bundle/gems/railties-5.2.0/lib/rails/rack/logger.rb:26:in `call'
.bundle/gems/sprockets-rails-3.2.1/lib/sprockets/rails/quiet_assets.rb:13:in `call'
.bundle/gems/actionpack-5.2.0/lib/action_dispatch/middleware/remote_ip.rb:81:in `call'
.bundle/gems/actionpack-5.2.0/lib/action_dispatch/middleware/request_id.rb:27:in `call'
.bundle/gems/rack-2.0.5/lib/rack/method_override.rb:22:in `call'
.bundle/gems/rack-2.0.5/lib/rack/runtime.rb:22:in `call'
.bundle/gems/activesupport-5.2.0/lib/active_support/cache/strategy/local_cache_middleware.rb:29:in `call'
.bundle/gems/actionpack-5.2.0/lib/action_dispatch/middleware/executor.rb:14:in `call'
.bundle/gems/actionpack-5.2.0/lib/action_dispatch/middleware/static.rb:127:in `call'
.bundle/gems/rack-2.0.5/lib/rack/sendfile.rb:111:in `call'
.bundle/gems/railties-5.2.0/lib/rails/engine.rb:524:in `call'
.bundle/gems/puma-3.12.0/lib/puma/configuration.rb:225:in `call'
.bundle/gems/puma-3.12.0/lib/puma/server.rb:658:in `handle_request'
.bundle/gems/puma-3.12.0/lib/puma/server.rb:472:in `process_client'
.bundle/gems/puma-3.12.0/lib/puma/server.rb:332:in `block in run'
.bundle/gems/puma-3.12.0/lib/puma/thread_pool.rb:133:in `block in spawn_thread'
Started GET "/about" for 127.0.0.1 at 2018-07-31 02:01:35 +0200
Processing by StaticPagesController#about as HTML
  Rendering static_pages/about.html.erb within layouts/application
  Rendered static_pages/about.html.erb within layouts/application (0.4ms)
Completed 200 OK in 29ms (Views: 28.0ms | ActiveRecord: 0.0ms)


Started GET "/about/florian" for 127.0.0.1 at 2018-07-31 02:03:31 +0200
  
ActionController::RoutingError (No route matches [GET] "/about/florian"):
  
.bundle/gems/actionpack-5.2.0/lib/action_dispatch/middleware/debug_exceptions.rb:65:in `call'
.bundle/gems/web-console-3.6.2/lib/web_console/middleware.rb:135:in `call_app'
.bundle/gems/web-console-3.6.2/lib/web_console/middleware.rb:30:in `block in call'
.bundle/gems/web-console-3.6.2/lib/web_console/middleware.rb:20:in `catch'
.bundle/gems/web-console-3.6.2/lib/web_console/middleware.rb:20:in `call'
.bundle/gems/actionpack-5.2.0/lib/action_dispatch/middleware/show_exceptions.rb:33:in `call'
.bundle/gems/railties-5.2.0/lib/rails/rack/logger.rb:38:in `call_app'
.bundle/gems/railties-5.2.0/lib/rails/rack/logger.rb:26:in `block in call'
.bundle/gems/activesupport-5.2.0/lib/active_support/tagged_logging.rb:71:in `block in tagged'
.bundle/gems/activesupport-5.2.0/lib/active_support/tagged_logging.rb:28:in `tagged'
.bundle/gems/activesupport-5.2.0/lib/active_support/tagged_logging.rb:71:in `tagged'
.bundle/gems/railties-5.2.0/lib/rails/rack/logger.rb:26:in `call'
.bundle/gems/sprockets-rails-3.2.1/lib/sprockets/rails/quiet_assets.rb:13:in `call'
.bundle/gems/actionpack-5.2.0/lib/action_dispatch/middleware/remote_ip.rb:81:in `call'
.bundle/gems/actionpack-5.2.0/lib/action_dispatch/middleware/request_id.rb:27:in `call'
.bundle/gems/rack-2.0.5/lib/rack/method_override.rb:22:in `call'
.bundle/gems/rack-2.0.5/lib/rack/runtime.rb:22:in `call'
.bundle/gems/activesupport-5.2.0/lib/active_support/cache/strategy/local_cache_middleware.rb:29:in `call'
.bundle/gems/actionpack-5.2.0/lib/action_dispatch/middleware/executor.rb:14:in `call'
.bundle/gems/actionpack-5.2.0/lib/action_dispatch/middleware/static.rb:127:in `call'
.bundle/gems/rack-2.0.5/lib/rack/sendfile.rb:111:in `call'
.bundle/gems/railties-5.2.0/lib/rails/engine.rb:524:in `call'
.bundle/gems/puma-3.12.0/lib/puma/configuration.rb:225:in `call'
.bundle/gems/puma-3.12.0/lib/puma/server.rb:658:in `handle_request'
.bundle/gems/puma-3.12.0/lib/puma/server.rb:472:in `process_client'
.bundle/gems/puma-3.12.0/lib/puma/server.rb:332:in `block in run'
.bundle/gems/puma-3.12.0/lib/puma/thread_pool.rb:133:in `block in spawn_thread'
Started GET "/about" for 127.0.0.1 at 2018-07-31 02:03:32 +0200
Processing by StaticPagesController#about as HTML
  Rendering static_pages/about.html.erb within layouts/application
  Rendered static_pages/about.html.erb within layouts/application (0.6ms)
Completed 200 OK in 34ms (Views: 33.4ms | ActiveRecord: 0.0ms)


Started GET "/about" for 127.0.0.1 at 2018-07-31 02:03:34 +0200
Processing by StaticPagesController#about as HTML
  Rendering static_pages/about.html.erb within layouts/application
  Rendered static_pages/about.html.erb within layouts/application (0.9ms)
Completed 200 OK in 38ms (Views: 35.9ms | ActiveRecord: 0.0ms)


Started GET "/about/steven" for 127.0.0.1 at 2018-07-31 02:03:36 +0200
  
ActionController::RoutingError (No route matches [GET] "/about/steven"):
  
.bundle/gems/actionpack-5.2.0/lib/action_dispatch/middleware/debug_exceptions.rb:65:in `call'
.bundle/gems/web-console-3.6.2/lib/web_console/middleware.rb:135:in `call_app'
.bundle/gems/web-console-3.6.2/lib/web_console/middleware.rb:30:in `block in call'
.bundle/gems/web-console-3.6.2/lib/web_console/middleware.rb:20:in `catch'
.bundle/gems/web-console-3.6.2/lib/web_console/middleware.rb:20:in `call'
.bundle/gems/actionpack-5.2.0/lib/action_dispatch/middleware/show_exceptions.rb:33:in `call'
.bundle/gems/railties-5.2.0/lib/rails/rack/logger.rb:38:in `call_app'
.bundle/gems/railties-5.2.0/lib/rails/rack/logger.rb:26:in `block in call'
.bundle/gems/activesupport-5.2.0/lib/active_support/tagged_logging.rb:71:in `block in tagged'
.bundle/gems/activesupport-5.2.0/lib/active_support/tagged_logging.rb:28:in `tagged'
.bundle/gems/activesupport-5.2.0/lib/active_support/tagged_logging.rb:71:in `tagged'
.bundle/gems/railties-5.2.0/lib/rails/rack/logger.rb:26:in `call'
.bundle/gems/sprockets-rails-3.2.1/lib/sprockets/rails/quiet_assets.rb:13:in `call'
.bundle/gems/actionpack-5.2.0/lib/action_dispatch/middleware/remote_ip.rb:81:in `call'
.bundle/gems/actionpack-5.2.0/lib/action_dispatch/middleware/request_id.rb:27:in `call'
.bundle/gems/rack-2.0.5/lib/rack/method_override.rb:22:in `call'
.bundle/gems/rack-2.0.5/lib/rack/runtime.rb:22:in `call'
.bundle/gems/activesupport-5.2.0/lib/active_support/cache/strategy/local_cache_middleware.rb:29:in `call'
.bundle/gems/actionpack-5.2.0/lib/action_dispatch/middleware/executor.rb:14:in `call'
.bundle/gems/actionpack-5.2.0/lib/action_dispatch/middleware/static.rb:127:in `call'
.bundle/gems/rack-2.0.5/lib/rack/sendfile.rb:111:in `call'
.bundle/gems/railties-5.2.0/lib/rails/engine.rb:524:in `call'
.bundle/gems/puma-3.12.0/lib/puma/configuration.rb:225:in `call'
.bundle/gems/puma-3.12.0/lib/puma/server.rb:658:in `handle_request'
.bundle/gems/puma-3.12.0/lib/puma/server.rb:472:in `process_client'
.bundle/gems/puma-3.12.0/lib/puma/server.rb:332:in `block in run'
.bundle/gems/puma-3.12.0/lib/puma/thread_pool.rb:133:in `block in spawn_thread'
Started GET "/about" for 127.0.0.1 at 2018-07-31 02:03:37 +0200
Processing by StaticPagesController#about as HTML
  Rendering static_pages/about.html.erb within layouts/application
  Rendered static_pages/about.html.erb within layouts/application (0.5ms)
Completed 200 OK in 21ms (Views: 19.9ms | ActiveRecord: 0.0ms)


Started GET "/about/florian" for 127.0.0.1 at 2018-07-31 02:03:40 +0200
  
ActionController::RoutingError (No route matches [GET] "/about/florian"):
  
.bundle/gems/actionpack-5.2.0/lib/action_dispatch/middleware/debug_exceptions.rb:65:in `call'
.bundle/gems/web-console-3.6.2/lib/web_console/middleware.rb:135:in `call_app'
.bundle/gems/web-console-3.6.2/lib/web_console/middleware.rb:30:in `block in call'
.bundle/gems/web-console-3.6.2/lib/web_console/middleware.rb:20:in `catch'
.bundle/gems/web-console-3.6.2/lib/web_console/middleware.rb:20:in `call'
.bundle/gems/actionpack-5.2.0/lib/action_dispatch/middleware/show_exceptions.rb:33:in `call'
.bundle/gems/railties-5.2.0/lib/rails/rack/logger.rb:38:in `call_app'
.bundle/gems/railties-5.2.0/lib/rails/rack/logger.rb:26:in `block in call'
.bundle/gems/activesupport-5.2.0/lib/active_support/tagged_logging.rb:71:in `block in tagged'
.bundle/gems/activesupport-5.2.0/lib/active_support/tagged_logging.rb:28:in `tagged'
.bundle/gems/activesupport-5.2.0/lib/active_support/tagged_logging.rb:71:in `tagged'
.bundle/gems/railties-5.2.0/lib/rails/rack/logger.rb:26:in `call'
.bundle/gems/sprockets-rails-3.2.1/lib/sprockets/rails/quiet_assets.rb:13:in `call'
.bundle/gems/actionpack-5.2.0/lib/action_dispatch/middleware/remote_ip.rb:81:in `call'
.bundle/gems/actionpack-5.2.0/lib/action_dispatch/middleware/request_id.rb:27:in `call'
.bundle/gems/rack-2.0.5/lib/rack/method_override.rb:22:in `call'
.bundle/gems/rack-2.0.5/lib/rack/runtime.rb:22:in `call'
.bundle/gems/activesupport-5.2.0/lib/active_support/cache/strategy/local_cache_middleware.rb:29:in `call'
.bundle/gems/actionpack-5.2.0/lib/action_dispatch/middleware/executor.rb:14:in `call'
.bundle/gems/actionpack-5.2.0/lib/action_dispatch/middleware/static.rb:127:in `call'
.bundle/gems/rack-2.0.5/lib/rack/sendfile.rb:111:in `call'
.bundle/gems/railties-5.2.0/lib/rails/engine.rb:524:in `call'
.bundle/gems/puma-3.12.0/lib/puma/configuration.rb:225:in `call'
.bundle/gems/puma-3.12.0/lib/puma/server.rb:658:in `handle_request'
.bundle/gems/puma-3.12.0/lib/puma/server.rb:472:in `process_client'
.bundle/gems/puma-3.12.0/lib/puma/server.rb:332:in `block in run'
.bundle/gems/puma-3.12.0/lib/puma/thread_pool.rb:133:in `block in spawn_thread'
Started GET "/about" for 127.0.0.1 at 2018-07-31 02:03:41 +0200
Processing by StaticPagesController#about as HTML
  Rendering static_pages/about.html.erb within layouts/application
  Rendered static_pages/about.html.erb within layouts/application (0.4ms)
Completed 200 OK in 25ms (Views: 23.9ms | ActiveRecord: 0.0ms)


Started GET "/" for 127.0.0.1 at 2018-07-31 02:03:43 +0200
Processing by StaticPagesController#home as HTML
  Rendering static_pages/home.html.erb within layouts/application
  [1m[36mUser Load (0.3ms)[0m  [1m[34mSELECT  "users".* FROM "users" ORDER BY "users"."id" DESC LIMIT ?[0m  [["LIMIT", 1]]
  ↳ app/views/static_pages/home.html.erb:7
  [1m[36mCACHE User Load (0.1ms)[0m  [1m[34mSELECT  "users".* FROM "users" ORDER BY "users"."id" DESC LIMIT ?[0m  [["LIMIT", 1]]
  ↳ app/views/static_pages/home.html.erb:8
  Rendered static_pages/home.html.erb within layouts/application (3.8ms)
Completed 200 OK in 28ms (Views: 25.7ms | ActiveRecord: 0.4ms)


Started GET "/new" for 127.0.0.1 at 2018-07-31 02:03:46 +0200
Processing by UsersController#new as HTML
  Rendering users/new.html.erb within layouts/application
  Rendered users/new.html.erb within layouts/application (0.6ms)
Completed 200 OK in 28ms (Views: 26.6ms | ActiveRecord: 0.0ms)


Started GET "/users/floriancorbice" for 127.0.0.1 at 2018-07-31 02:03:49 +0200
Processing by UsersController#show as HTML
  Parameters: {"username"=>"floriancorbice"}
  [1m[36mUser Load (0.5ms)[0m  [1m[34mSELECT  "users".* FROM "users" WHERE "users"."username" = ? LIMIT ?[0m  [["username", "floriancorbice"], ["LIMIT", 1]]
  ↳ app/controllers/users_controller.rb:22
  [1m[36mCACHE User Load (0.0ms)[0m  [1m[34mSELECT  "users".* FROM "users" WHERE "users"."username" = ? LIMIT ?[0m  [["username", "floriancorbice"], ["LIMIT", 1]]
  ↳ app/controllers/users_controller.rb:23
  Rendering users/show.html.erb within layouts/application
  Rendered users/show.html.erb within layouts/application (0.6ms)
Completed 200 OK in 27ms (Views: 22.4ms | ActiveRecord: 0.5ms)


Started GET "/about" for 127.0.0.1 at 2018-07-31 02:03:52 +0200
Processing by StaticPagesController#about as HTML
  Rendering static_pages/about.html.erb within layouts/application
  Rendered static_pages/about.html.erb within layouts/application (0.7ms)
Completed 200 OK in 27ms (Views: 24.8ms | ActiveRecord: 0.0ms)


Started GET "/contact" for 127.0.0.1 at 2018-07-31 02:03:56 +0200
Processing by StaticPagesController#contact as HTML
  Rendering static_pages/contact.html.erb within layouts/application
  Rendered static_pages/contact.html.erb within layouts/application (0.4ms)
Completed 200 OK in 37ms (Views: 35.8ms | ActiveRecord: 0.0ms)


Started GET "/" for 127.0.0.1 at 2018-07-31 02:03:58 +0200
Processing by StaticPagesController#home as HTML
  Rendering static_pages/home.html.erb within layouts/application
  [1m[36mUser Load (0.4ms)[0m  [1m[34mSELECT  "users".* FROM "users" ORDER BY "users"."id" DESC LIMIT ?[0m  [["LIMIT", 1]]
  ↳ app/views/static_pages/home.html.erb:7
  [1m[36mCACHE User Load (0.0ms)[0m  [1m[34mSELECT  "users".* FROM "users" ORDER BY "users"."id" DESC LIMIT ?[0m  [["LIMIT", 1]]
  ↳ app/views/static_pages/home.html.erb:8
  Rendered static_pages/home.html.erb within layouts/application (3.4ms)
Completed 200 OK in 31ms (Views: 28.9ms | ActiveRecord: 0.4ms)


Started GET "/new" for 127.0.0.1 at 2018-07-31 02:03:59 +0200
Processing by UsersController#new as HTML
  Rendering users/new.html.erb within layouts/application
  Rendered users/new.html.erb within layouts/application (0.6ms)
Completed 200 OK in 26ms (Views: 24.8ms | ActiveRecord: 0.0ms)


Started GET "/" for 127.0.0.1 at 2018-07-31 02:13:31 +0200
Processing by StaticPagesController#home as HTML
  Rendering static_pages/home.html.erb within layouts/application
  [1m[36mUser Load (0.2ms)[0m  [1m[34mSELECT  "users".* FROM "users" ORDER BY "users"."id" DESC LIMIT ?[0m  [["LIMIT", 1]]
  ↳ app/views/static_pages/home.html.erb:7
  [1m[36mCACHE User Load (0.0ms)[0m  [1m[34mSELECT  "users".* FROM "users" ORDER BY "users"."id" DESC LIMIT ?[0m  [["LIMIT", 1]]
  ↳ app/views/static_pages/home.html.erb:8
  Rendered static_pages/home.html.erb within layouts/application (21.4ms)
Completed 200 OK in 59ms (Views: 55.6ms | ActiveRecord: 1.6ms)


Started GET "/" for 127.0.0.1 at 2018-07-31 02:13:33 +0200
Processing by StaticPagesController#home as HTML
  Rendering static_pages/home.html.erb within layouts/application
  [1m[36mUser Load (0.4ms)[0m  [1m[34mSELECT  "users".* FROM "users" ORDER BY "users"."id" DESC LIMIT ?[0m  [["LIMIT", 1]]
  ↳ app/views/static_pages/home.html.erb:7
  [1m[36mCACHE User Load (0.1ms)[0m  [1m[34mSELECT  "users".* FROM "users" ORDER BY "users"."id" DESC LIMIT ?[0m  [["LIMIT", 1]]
  ↳ app/views/static_pages/home.html.erb:8
  Rendered static_pages/home.html.erb within layouts/application (4.3ms)
Completed 200 OK in 36ms (Views: 34.4ms | ActiveRecord: 0.5ms)


Started GET "/users/floriancorbice" for 127.0.0.1 at 2018-07-31 02:13:34 +0200
Processing by UsersController#show as HTML
  Parameters: {"username"=>"floriancorbice"}
  [1m[36mUser Load (0.4ms)[0m  [1m[34mSELECT  "users".* FROM "users" WHERE "users"."username" = ? LIMIT ?[0m  [["username", "floriancorbice"], ["LIMIT", 1]]
  ↳ app/controllers/users_controller.rb:22
  [1m[36mCACHE User Load (0.0ms)[0m  [1m[34mSELECT  "users".* FROM "users" WHERE "users"."username" = ? LIMIT ?[0m  [["username", "floriancorbice"], ["LIMIT", 1]]
  ↳ app/controllers/users_controller.rb:23
  Rendering users/show.html.erb within layouts/application
  Rendered users/show.html.erb within layouts/application (0.9ms)
Completed 200 OK in 39ms (Views: 34.8ms | ActiveRecord: 0.4ms)


Started GET "/" for 127.0.0.1 at 2018-07-31 02:13:38 +0200
Processing by StaticPagesController#home as HTML
  Rendering static_pages/home.html.erb within layouts/application
  [1m[36mUser Load (0.4ms)[0m  [1m[34mSELECT  "users".* FROM "users" ORDER BY "users"."id" DESC LIMIT ?[0m  [["LIMIT", 1]]
  ↳ app/views/static_pages/home.html.erb:7
  [1m[36mCACHE User Load (0.0ms)[0m  [1m[34mSELECT  "users".* FROM "users" ORDER BY "users"."id" DESC LIMIT ?[0m  [["LIMIT", 1]]
  ↳ app/views/static_pages/home.html.erb:8
  Rendered static_pages/home.html.erb within layouts/application (3.8ms)
Completed 200 OK in 43ms (Views: 40.1ms | ActiveRecord: 0.5ms)


Started GET "/new" for 127.0.0.1 at 2018-07-31 02:13:39 +0200
Processing by UsersController#new as HTML
  Rendering users/new.html.erb within layouts/application
  Rendered users/new.html.erb within layouts/application (0.9ms)
Completed 200 OK in 50ms (Views: 48.6ms | ActiveRecord: 0.0ms)


Started GET "/" for 127.0.0.1 at 2018-07-31 02:13:41 +0200
Processing by StaticPagesController#home as HTML
  Rendering static_pages/home.html.erb within layouts/application
  [1m[36mUser Load (0.5ms)[0m  [1m[34mSELECT  "users".* FROM "users" ORDER BY "users"."id" DESC LIMIT ?[0m  [["LIMIT", 1]]
  ↳ app/views/static_pages/home.html.erb:7
  [1m[36mCACHE User Load (0.1ms)[0m  [1m[34mSELECT  "users".* FROM "users" ORDER BY "users"."id" DESC LIMIT ?[0m  [["LIMIT", 1]]
  ↳ app/views/static_pages/home.html.erb:8
  Rendered static_pages/home.html.erb within layouts/application (6.5ms)
Completed 200 OK in 43ms (Views: 40.4ms | ActiveRecord: 0.6ms)


Started GET "/about" for 127.0.0.1 at 2018-07-31 02:13:42 +0200
Processing by StaticPagesController#about as HTML
  Rendering static_pages/about.html.erb within layouts/application
  Rendered static_pages/about.html.erb within layouts/application (0.7ms)
Completed 200 OK in 35ms (Views: 33.1ms | ActiveRecord: 0.0ms)


Started GET "/about/florian" for 127.0.0.1 at 2018-07-31 02:13:43 +0200
Processing by StaticPagesController#florian as HTML
  Rendering static_pages/florian.html.erb within layouts/application
  Rendered static_pages/florian.html.erb within layouts/application (0.6ms)
Completed 200 OK in 47ms (Views: 45.2ms | ActiveRecord: 0.0ms)


Started GET "/about/steven" for 127.0.0.1 at 2018-07-31 02:13:46 +0200
Processing by StaticPagesController#steven as HTML
  Rendering static_pages/steven.html.erb within layouts/application
  Rendered static_pages/steven.html.erb within layouts/application (0.7ms)
Completed 200 OK in 34ms (Views: 32.4ms | ActiveRecord: 0.0ms)


Started GET "/about/steven" for 127.0.0.1 at 2018-07-31 02:13:49 +0200
Processing by StaticPagesController#steven as HTML
  Rendering static_pages/steven.html.erb within layouts/application
  Rendered static_pages/steven.html.erb within layouts/application (0.8ms)
Completed 200 OK in 34ms (Views: 32.3ms | ActiveRecord: 0.0ms)


Started GET "/about/luxin" for 127.0.0.1 at 2018-07-31 02:13:52 +0200
Processing by StaticPagesController#luxin as HTML
  Rendering static_pages/luxin.html.erb within layouts/application
  Rendered static_pages/luxin.html.erb within layouts/application (0.7ms)
Completed 200 OK in 36ms (Views: 34.4ms | ActiveRecord: 0.0ms)


Started GET "/about" for 127.0.0.1 at 2018-07-31 02:13:55 +0200
Processing by StaticPagesController#about as HTML
  Rendering static_pages/about.html.erb within layouts/application
  Rendered static_pages/about.html.erb within layouts/application (1.2ms)
Completed 200 OK in 38ms (Views: 36.7ms | ActiveRecord: 0.0ms)


Started GET "/contact" for 127.0.0.1 at 2018-07-31 02:13:55 +0200
Processing by StaticPagesController#contact as HTML
  Rendering static_pages/contact.html.erb within layouts/application
  Rendered static_pages/contact.html.erb within layouts/application (0.6ms)
Completed 200 OK in 36ms (Views: 33.7ms | ActiveRecord: 0.0ms)


Started GET "/new" for 127.0.0.1 at 2018-07-31 02:13:58 +0200
Processing by UsersController#new as HTML
  Rendering users/new.html.erb within layouts/application
  Rendered users/new.html.erb within layouts/application (0.9ms)
Completed 200 OK in 39ms (Views: 37.7ms | ActiveRecord: 0.0ms)


Started GET "/" for 127.0.0.1 at 2018-07-31 02:14:00 +0200
Processing by StaticPagesController#home as HTML
  Rendering static_pages/home.html.erb within layouts/application
  [1m[36mUser Load (0.3ms)[0m  [1m[34mSELECT  "users".* FROM "users" ORDER BY "users"."id" DESC LIMIT ?[0m  [["LIMIT", 1]]
  ↳ app/views/static_pages/home.html.erb:7
  [1m[36mCACHE User Load (0.0ms)[0m  [1m[34mSELECT  "users".* FROM "users" ORDER BY "users"."id" DESC LIMIT ?[0m  [["LIMIT", 1]]
  ↳ app/views/static_pages/home.html.erb:8
  Rendered static_pages/home.html.erb within layouts/application (6.0ms)
Completed 200 OK in 46ms (Views: 43.6ms | ActiveRecord: 0.4ms)


Started GET "/new" for 127.0.0.1 at 2018-07-31 02:14:23 +0200
Processing by UsersController#new as HTML
  Rendering users/new.html.erb within layouts/application
  Rendered users/new.html.erb within layouts/application (1.3ms)
Completed 200 OK in 47ms (Views: 45.2ms | ActiveRecord: 0.0ms)


Started GET "/users/floriancorbice" for 127.0.0.1 at 2018-07-31 02:14:26 +0200
Processing by UsersController#show as HTML
  Parameters: {"username"=>"floriancorbice"}
  [1m[36mUser Load (0.3ms)[0m  [1m[34mSELECT  "users".* FROM "users" WHERE "users"."username" = ? LIMIT ?[0m  [["username", "floriancorbice"], ["LIMIT", 1]]
  ↳ app/controllers/users_controller.rb:22
  [1m[36mCACHE User Load (0.0ms)[0m  [1m[34mSELECT  "users".* FROM "users" WHERE "users"."username" = ? LIMIT ?[0m  [["username", "floriancorbice"], ["LIMIT", 1]]
  ↳ app/controllers/users_controller.rb:23
  Rendering users/show.html.erb within layouts/application
  Rendered users/show.html.erb within layouts/application (0.8ms)
Completed 200 OK in 46ms (Views: 39.7ms | ActiveRecord: 0.3ms)


Started GET "/new" for 127.0.0.1 at 2018-07-31 02:14:32 +0200
Processing by UsersController#new as HTML
  Rendering users/new.html.erb within layouts/application
  Rendered users/new.html.erb within layouts/application (1.1ms)
Completed 200 OK in 49ms (Views: 47.1ms | ActiveRecord: 0.0ms)


Started POST "/new" for 127.0.0.1 at 2018-07-31 02:14:41 +0200
Processing by UsersController#new_post as HTML
  Parameters: {"authenticity_token"=>"57+/dDBWXExeX7/yd9OCyUWmYLQE94v5FRA0gRQkaX8EnfwqMpXuxiT+h/AQD+6Lvz7I7SwbVEoYMC4UeNzsLg==", "username"=>"ch", "bio"=>"dj", "envoyer"=>"Submit Query"}
  [1m[35m (0.2ms)[0m  [1m[36mbegin transaction[0m
  ↳ app/controllers/users_controller.rb:10
  [1m[36mUser Exists (0.5ms)[0m  [1m[34mSELECT  1 AS one FROM "users" WHERE "users"."username" = ? LIMIT ?[0m  [["username", "ch"], ["LIMIT", 1]]
  ↳ app/controllers/users_controller.rb:10
  [1m[36mUser Create (0.9ms)[0m  [1m[32mINSERT INTO "users" ("username", "bio", "created_at", "updated_at") VALUES (?, ?, ?, ?)[0m  [["username", "ch"], ["bio", "dj"], ["created_at", "2018-07-31 00:14:41.410677"], ["updated_at", "2018-07-31 00:14:41.410677"]]
  ↳ app/controllers/users_controller.rb:10
  [1m[35m (179.8ms)[0m  [1m[36mcommit transaction[0m
  ↳ app/controllers/users_controller.rb:10
  [1m[36mUser Load (0.4ms)[0m  [1m[34mSELECT  "users".* FROM "users" ORDER BY "users"."id" DESC LIMIT ?[0m  [["LIMIT", 1]]
  ↳ app/controllers/users_controller.rb:14
Redirected to http://localhost:3000/users/ch
Completed 302 Found in 196ms (ActiveRecord: 181.8ms)


Started GET "/users/ch" for 127.0.0.1 at 2018-07-31 02:14:41 +0200
Processing by UsersController#show as HTML
  Parameters: {"username"=>"ch"}
  [1m[36mUser Load (0.3ms)[0m  [1m[34mSELECT  "users".* FROM "users" WHERE "users"."username" = ? LIMIT ?[0m  [["username", "ch"], ["LIMIT", 1]]
  ↳ app/controllers/users_controller.rb:22
  [1m[36mCACHE User Load (0.0ms)[0m  [1m[34mSELECT  "users".* FROM "users" WHERE "users"."username" = ? LIMIT ?[0m  [["username", "ch"], ["LIMIT", 1]]
  ↳ app/controllers/users_controller.rb:23
  Rendering users/show.html.erb within layouts/application
  Rendered users/show.html.erb within layouts/application (1.2ms)
Completed 200 OK in 65ms (Views: 59.9ms | ActiveRecord: 0.3ms)


Started GET "/contact" for 127.0.0.1 at 2018-07-31 02:14:44 +0200
Processing by StaticPagesController#contact as HTML
  Rendering static_pages/contact.html.erb within layouts/application
  Rendered static_pages/contact.html.erb within layouts/application (0.7ms)
Completed 200 OK in 45ms (Views: 42.5ms | ActiveRecord: 0.0ms)


Started GET "/about" for 127.0.0.1 at 2018-07-31 02:14:45 +0200
Processing by StaticPagesController#about as HTML
  Rendering static_pages/about.html.erb within layouts/application
  Rendered static_pages/about.html.erb within layouts/application (0.6ms)
Completed 200 OK in 40ms (Views: 37.8ms | ActiveRecord: 0.0ms)


Started GET "/" for 127.0.0.1 at 2018-07-31 02:14:48 +0200
Processing by StaticPagesController#home as HTML
  Rendering static_pages/home.html.erb within layouts/application
  [1m[36mUser Load (0.7ms)[0m  [1m[34mSELECT  "users".* FROM "users" ORDER BY "users"."id" DESC LIMIT ?[0m  [["LIMIT", 1]]
  ↳ app/views/static_pages/home.html.erb:7
  [1m[36mCACHE User Load (0.1ms)[0m  [1m[34mSELECT  "users".* FROM "users" ORDER BY "users"."id" DESC LIMIT ?[0m  [["LIMIT", 1]]
  ↳ app/views/static_pages/home.html.erb:8
  Rendered static_pages/home.html.erb within layouts/application (6.5ms)
Completed 200 OK in 58ms (Views: 55.4ms | ActiveRecord: 0.8ms)


Started GET "/users/ch" for 127.0.0.1 at 2018-07-31 02:14:49 +0200
Processing by UsersController#show as HTML
  Parameters: {"username"=>"ch"}
  [1m[36mUser Load (0.3ms)[0m  [1m[34mSELECT  "users".* FROM "users" WHERE "users"."username" = ? LIMIT ?[0m  [["username", "ch"], ["LIMIT", 1]]
  ↳ app/controllers/users_controller.rb:22
  [1m[36mCACHE User Load (0.0ms)[0m  [1m[34mSELECT  "users".* FROM "users" WHERE "users"."username" = ? LIMIT ?[0m  [["username", "ch"], ["LIMIT", 1]]
  ↳ app/controllers/users_controller.rb:23
  Rendering users/show.html.erb within layouts/application
  Rendered users/show.html.erb within layouts/application (1.1ms)
Completed 200 OK in 46ms (Views: 41.6ms | ActiveRecord: 0.3ms)


Started GET "/" for 127.0.0.1 at 2018-07-31 02:14:54 +0200
Processing by StaticPagesController#home as HTML
  Rendering static_pages/home.html.erb within layouts/application
  [1m[36mUser Load (0.6ms)[0m  [1m[34mSELECT  "users".* FROM "users" ORDER BY "users"."id" DESC LIMIT ?[0m  [["LIMIT", 1]]
  ↳ app/views/static_pages/home.html.erb:7
  [1m[36mCACHE User Load (0.0ms)[0m  [1m[34mSELECT  "users".* FROM "users" ORDER BY "users"."id" DESC LIMIT ?[0m  [["LIMIT", 1]]
  ↳ app/views/static_pages/home.html.erb:8
  Rendered static_pages/home.html.erb within layouts/application (5.2ms)
Completed 200 OK in 47ms (Views: 42.9ms | ActiveRecord: 0.6ms)


Started GET "/" for 127.0.0.1 at 2018-07-31 02:14:56 +0200
Processing by StaticPagesController#home as HTML
  Rendering static_pages/home.html.erb within layouts/application
  [1m[36mUser Load (0.6ms)[0m  [1m[34mSELECT  "users".* FROM "users" ORDER BY "users"."id" DESC LIMIT ?[0m  [["LIMIT", 1]]
  ↳ app/views/static_pages/home.html.erb:7
  [1m[36mCACHE User Load (0.1ms)[0m  [1m[34mSELECT  "users".* FROM "users" ORDER BY "users"."id" DESC LIMIT ?[0m  [["LIMIT", 1]]
  ↳ app/views/static_pages/home.html.erb:8
  Rendered static_pages/home.html.erb within layouts/application (4.9ms)
Completed 200 OK in 55ms (Views: 51.3ms | ActiveRecord: 0.6ms)


Started GET "/" for 127.0.0.1 at 2018-07-31 02:14:58 +0200
Processing by StaticPagesController#home as HTML
  Rendering static_pages/home.html.erb within layouts/application
  [1m[36mUser Load (0.4ms)[0m  [1m[34mSELECT  "users".* FROM "users" ORDER BY "users"."id" DESC LIMIT ?[0m  [["LIMIT", 1]]
  ↳ app/views/static_pages/home.html.erb:7
  [1m[36mCACHE User Load (0.0ms)[0m  [1m[34mSELECT  "users".* FROM "users" ORDER BY "users"."id" DESC LIMIT ?[0m  [["LIMIT", 1]]
  ↳ app/views/static_pages/home.html.erb:8
  Rendered static_pages/home.html.erb within layouts/application (3.5ms)
Completed 200 OK in 47ms (Views: 44.7ms | ActiveRecord: 0.4ms)


Started GET "/" for 127.0.0.1 at 2018-07-31 02:15:01 +0200
Processing by StaticPagesController#home as HTML
  Rendering static_pages/home.html.erb within layouts/application
  [1m[36mUser Load (0.5ms)[0m  [1m[34mSELECT  "users".* FROM "users" ORDER BY "users"."id" DESC LIMIT ?[0m  [["LIMIT", 1]]
  ↳ app/views/static_pages/home.html.erb:7
  [1m[36mCACHE User Load (0.1ms)[0m  [1m[34mSELECT  "users".* FROM "users" ORDER BY "users"."id" DESC LIMIT ?[0m  [["LIMIT", 1]]
  ↳ app/views/static_pages/home.html.erb:8
  Rendered static_pages/home.html.erb within layouts/application (7.3ms)
Completed 200 OK in 59ms (Views: 55.4ms | ActiveRecord: 0.6ms)


Started GET "/" for 127.0.0.1 at 2018-07-31 02:15:02 +0200
Processing by StaticPagesController#home as HTML
  Rendering static_pages/home.html.erb within layouts/application
  [1m[36mUser Load (0.6ms)[0m  [1m[34mSELECT  "users".* FROM "users" ORDER BY "users"."id" DESC LIMIT ?[0m  [["LIMIT", 1]]
  ↳ app/views/static_pages/home.html.erb:7
  [1m[36mCACHE User Load (0.1ms)[0m  [1m[34mSELECT  "users".* FROM "users" ORDER BY "users"."id" DESC LIMIT ?[0m  [["LIMIT", 1]]
  ↳ app/views/static_pages/home.html.erb:8
  Rendered static_pages/home.html.erb within layouts/application (6.3ms)
Completed 200 OK in 63ms (Views: 58.0ms | ActiveRecord: 0.7ms)


Started GET "/" for 127.0.0.1 at 2018-07-31 02:15:03 +0200
Processing by StaticPagesController#home as HTML
  Rendering static_pages/home.html.erb within layouts/application
  [1m[36mUser Load (0.4ms)[0m  [1m[34mSELECT  "users".* FROM "users" ORDER BY "users"."id" DESC LIMIT ?[0m  [["LIMIT", 1]]
  ↳ app/views/static_pages/home.html.erb:7
  [1m[36mCACHE User Load (0.0ms)[0m  [1m[34mSELECT  "users".* FROM "users" ORDER BY "users"."id" DESC LIMIT ?[0m  [["LIMIT", 1]]
  ↳ app/views/static_pages/home.html.erb:8
  Rendered static_pages/home.html.erb within layouts/application (5.0ms)
Completed 200 OK in 69ms (Views: 65.7ms | ActiveRecord: 0.5ms)


Started GET "/about" for 127.0.0.1 at 2018-07-31 02:15:03 +0200
Processing by StaticPagesController#about as HTML
  Rendering static_pages/about.html.erb within layouts/application
  Rendered static_pages/about.html.erb within layouts/application (1.2ms)
Completed 200 OK in 55ms (Views: 51.8ms | ActiveRecord: 0.0ms)


Started GET "/contact" for 127.0.0.1 at 2018-07-31 02:15:08 +0200
Processing by StaticPagesController#contact as HTML
  Rendering static_pages/contact.html.erb within layouts/application
  Rendered static_pages/contact.html.erb within layouts/application (1.3ms)
Completed 200 OK in 48ms (Views: 46.1ms | ActiveRecord: 0.0ms)


Started GET "/about" for 127.0.0.1 at 2018-07-31 02:15:09 +0200
Processing by StaticPagesController#about as HTML
  Rendering static_pages/about.html.erb within layouts/application
  Rendered static_pages/about.html.erb within layouts/application (0.7ms)
Completed 200 OK in 53ms (Views: 50.7ms | ActiveRecord: 0.0ms)


Started GET "/contact" for 127.0.0.1 at 2018-07-31 02:15:10 +0200
Processing by StaticPagesController#contact as HTML
  Rendering static_pages/contact.html.erb within layouts/application
  Rendered static_pages/contact.html.erb within layouts/application (0.9ms)
Completed 200 OK in 52ms (Views: 50.3ms | ActiveRecord: 0.0ms)


Started GET "/new" for 127.0.0.1 at 2018-07-31 02:15:11 +0200
Processing by UsersController#new as HTML
  Rendering users/new.html.erb within layouts/application
  Rendered users/new.html.erb within layouts/application (1.2ms)
Completed 200 OK in 49ms (Views: 46.3ms | ActiveRecord: 0.0ms)


Started GET "/" for 127.0.0.1 at 2018-07-31 11:09:15 +0200
Processing by StaticPagesController#home as HTML
  Rendering static_pages/home.html.erb within layouts/application
  [1m[36mUser Load (0.9ms)[0m  [1m[34mSELECT  "users".* FROM "users" ORDER BY "users"."id" DESC LIMIT ?[0m  [["LIMIT", 1]]
  ↳ app/views/static_pages/home.html.erb:7
  [1m[36mCACHE User Load (0.1ms)[0m  [1m[34mSELECT  "users".* FROM "users" ORDER BY "users"."id" DESC LIMIT ?[0m  [["LIMIT", 1]]
  ↳ app/views/static_pages/home.html.erb:8
  Rendered static_pages/home.html.erb within layouts/application (11.3ms)
Completed 200 OK in 132ms (Views: 125.4ms | ActiveRecord: 1.0ms)


Started GET "/about" for 127.0.0.1 at 2018-07-31 11:09:16 +0200
Processing by StaticPagesController#about as HTML
  Rendering static_pages/about.html.erb within layouts/application
  Rendered static_pages/about.html.erb within layouts/application (1.8ms)
Completed 200 OK in 109ms (Views: 103.9ms | ActiveRecord: 0.0ms)


Started GET "/contact" for 127.0.0.1 at 2018-07-31 11:09:17 +0200
Processing by StaticPagesController#contact as HTML
  Rendering static_pages/contact.html.erb within layouts/application
  Rendered static_pages/contact.html.erb within layouts/application (1.8ms)
Completed 200 OK in 130ms (Views: 123.4ms | ActiveRecord: 0.0ms)


Started GET "/" for 127.0.0.1 at 2018-07-31 11:10:15 +0200
Processing by StaticPagesController#home as HTML
  Rendering static_pages/home.html.erb within layouts/application
  [1m[36mUser Load (0.6ms)[0m  [1m[34mSELECT  "users".* FROM "users" ORDER BY "users"."id" DESC LIMIT ?[0m  [["LIMIT", 1]]
  ↳ app/views/static_pages/home.html.erb:7
  [1m[36mCACHE User Load (0.0ms)[0m  [1m[34mSELECT  "users".* FROM "users" ORDER BY "users"."id" DESC LIMIT ?[0m  [["LIMIT", 1]]
  ↳ app/views/static_pages/home.html.erb:8
  Rendered static_pages/home.html.erb within layouts/application (7.3ms)
Completed 200 OK in 73ms (Views: 69.0ms | ActiveRecord: 0.7ms)


Started GET "/about" for 127.0.0.1 at 2018-07-31 11:10:16 +0200
Processing by StaticPagesController#about as HTML
  Rendering static_pages/about.html.erb within layouts/application
  Rendered static_pages/about.html.erb within layouts/application (1.4ms)
Completed 200 OK in 70ms (Views: 67.3ms | ActiveRecord: 0.0ms)


Started GET "/contact" for 127.0.0.1 at 2018-07-31 11:10:17 +0200
Processing by StaticPagesController#contact as HTML
  Rendering static_pages/contact.html.erb within layouts/application
  Rendered static_pages/contact.html.erb within layouts/application (1.1ms)
Completed 200 OK in 90ms (Views: 87.0ms | ActiveRecord: 0.0ms)


Started GET "/about" for 127.0.0.1 at 2018-07-31 11:10:18 +0200
Processing by StaticPagesController#about as HTML
  Rendering static_pages/about.html.erb within layouts/application
  Rendered static_pages/about.html.erb within layouts/application (1.4ms)
Completed 200 OK in 81ms (Views: 78.0ms | ActiveRecord: 0.0ms)


Started GET "/contact" for 127.0.0.1 at 2018-07-31 11:10:18 +0200
Processing by StaticPagesController#contact as HTML
  Rendering static_pages/contact.html.erb within layouts/application
  Rendered static_pages/contact.html.erb within layouts/application (0.9ms)
Completed 200 OK in 65ms (Views: 62.5ms | ActiveRecord: 0.0ms)


Started GET "/" for 127.0.0.1 at 2018-07-31 11:10:19 +0200
Processing by StaticPagesController#home as HTML
  Rendering static_pages/home.html.erb within layouts/application
  [1m[36mUser Load (0.8ms)[0m  [1m[34mSELECT  "users".* FROM "users" ORDER BY "users"."id" DESC LIMIT ?[0m  [["LIMIT", 1]]
  ↳ app/views/static_pages/home.html.erb:7
  [1m[36mCACHE User Load (0.1ms)[0m  [1m[34mSELECT  "users".* FROM "users" ORDER BY "users"."id" DESC LIMIT ?[0m  [["LIMIT", 1]]
  ↳ app/views/static_pages/home.html.erb:8
  Rendered static_pages/home.html.erb within layouts/application (10.3ms)
Completed 200 OK in 106ms (Views: 101.5ms | ActiveRecord: 0.9ms)


Started GET "/" for 127.0.0.1 at 2018-07-31 11:10:19 +0200
Processing by StaticPagesController#home as HTML
  Rendering static_pages/home.html.erb within layouts/application
  [1m[36mUser Load (0.8ms)[0m  [1m[34mSELECT  "users".* FROM "users" ORDER BY "users"."id" DESC LIMIT ?[0m  [["LIMIT", 1]]
  ↳ app/views/static_pages/home.html.erb:7
  [1m[36mCACHE User Load (0.1ms)[0m  [1m[34mSELECT  "users".* FROM "users" ORDER BY "users"."id" DESC LIMIT ?[0m  [["LIMIT", 1]]
  ↳ app/views/static_pages/home.html.erb:8
  Rendered static_pages/home.html.erb within layouts/application (6.6ms)
Completed 200 OK in 77ms (Views: 72.5ms | ActiveRecord: 0.8ms)


Started GET "/" for 127.0.0.1 at 2018-07-31 11:10:20 +0200
Processing by StaticPagesController#home as HTML
  Rendering static_pages/home.html.erb within layouts/application
  [1m[36mUser Load (0.5ms)[0m  [1m[34mSELECT  "users".* FROM "users" ORDER BY "users"."id" DESC LIMIT ?[0m  [["LIMIT", 1]]
  ↳ app/views/static_pages/home.html.erb:7
  [1m[36mCACHE User Load (0.1ms)[0m  [1m[34mSELECT  "users".* FROM "users" ORDER BY "users"."id" DESC LIMIT ?[0m  [["LIMIT", 1]]
  ↳ app/views/static_pages/home.html.erb:8
  Rendered static_pages/home.html.erb within layouts/application (6.4ms)
Completed 200 OK in 66ms (Views: 62.3ms | ActiveRecord: 0.6ms)


Started GET "/" for 127.0.0.1 at 2018-07-31 11:19:38 +0200
Processing by StaticPagesController#home as HTML
  Rendering static_pages/home.html.erb within layouts/application
  [1m[36mUser Load (0.3ms)[0m  [1m[34mSELECT  "users".* FROM "users" ORDER BY "users"."id" DESC LIMIT ?[0m  [["LIMIT", 1]]
  ↳ app/views/static_pages/home.html.erb:7
  [1m[36mCACHE User Load (0.0ms)[0m  [1m[34mSELECT  "users".* FROM "users" ORDER BY "users"."id" DESC LIMIT ?[0m  [["LIMIT", 1]]
  ↳ app/views/static_pages/home.html.erb:8
  Rendered static_pages/home.html.erb within layouts/application (2.5ms)
Completed 200 OK in 30ms (Views: 27.8ms | ActiveRecord: 0.3ms)


  [1m[35m (0.3ms)[0m  [1m[34mSELECT "schema_migrations"."version" FROM "schema_migrations" ORDER BY "schema_migrations"."version" ASC[0m
  ↳ bin/rails:9
  [1m[36mActiveRecord::InternalMetadata Load (0.3ms)[0m  [1m[34mSELECT  "ar_internal_metadata".* FROM "ar_internal_metadata" WHERE "ar_internal_metadata"."key" = ? LIMIT ?[0m  [["key", "environment"], ["LIMIT", 1]]
  ↳ bin/rails:9
  [1m[35m (0.1ms)[0m  [1m[36mbegin transaction[0m
  ↳ bin/rails:9
  [1m[35m (0.2ms)[0m  [1m[36mcommit transaction[0m
  ↳ bin/rails:9
  [1m[35m (0.1ms)[0m  [1m[34mSELECT "schema_migrations"."version" FROM "schema_migrations" ORDER BY "schema_migrations"."version" ASC[0m
  ↳ bin/rails:9
  [1m[35m (0.4ms)[0m  [1m[34mSELECT "schema_migrations"."version" FROM "schema_migrations" ORDER BY "schema_migrations"."version" ASC[0m
  ↳ bin/rails:9
  [1m[35m (0.2ms)[0m  [1m[34mSELECT "schema_migrations"."version" FROM "schema_migrations" ORDER BY "schema_migrations"."version" ASC[0m
  ↳ bin/rails:9
  [1m[36mActiveRecord::InternalMetadata Load (0.2ms)[0m  [1m[34mSELECT  "ar_internal_metadata".* FROM "ar_internal_metadata" WHERE "ar_internal_metadata"."key" = ? LIMIT ?[0m  [["key", "environment"], ["LIMIT", 1]]
  ↳ bin/rails:9
  [1m[35m (0.1ms)[0m  [1m[36mbegin transaction[0m
  ↳ bin/rails:9
  [1m[35m (0.1ms)[0m  [1m[36mcommit transaction[0m
  ↳ bin/rails:9
  [1m[35m (0.1ms)[0m  [1m[34mSELECT "schema_migrations"."version" FROM "schema_migrations" ORDER BY "schema_migrations"."version" ASC[0m
  ↳ bin/rails:9
  [1m[35m (0.2ms)[0m  [1m[34mSELECT "schema_migrations"."version" FROM "schema_migrations" ORDER BY "schema_migrations"."version" ASC[0m
  ↳ bin/rails:9
